<?xml version="1.0" encoding="UTF-8"?>
<!-- Generated by org.testng.reporters.JUnitReportReporter -->
<testsuite hostname="DESKTOP-AJ" failures="0" tests="2" name="IncludeExclude.IncludeExclude1" time="0.014" errors="0" timestamp="2022-03-23T08:39:27 IST" skipped="0">
  <testcase classname="IncludeExclude.IncludeExclude1" name="Test10" time="0.002"/>
  <system-out>
    <![CDATA[Tc10 is running]]>
  </system-out>
  <testcase classname="IncludeExclude.IncludeExclude1" name="Test7" time="0.012"/>
  <system-out>
    <![CDATA[Tc7 is running]]>
  </system-out>
</testsuite> <!-- IncludeExclude.IncludeExclude1 -->
