<?xml version="1.0" encoding="UTF-8"?>
<!-- Generated by org.testng.reporters.JUnitReportReporter -->
<testsuite hostname="DESKTOP-AJ" failures="0" tests="1" name="SerialandParallel.SerialandParallel1" time="13.849" errors="0" timestamp="2022-03-31T07:30:28 IST" skipped="0">
  <testcase classname="SerialandParallel.SerialandParallel1" name="MyMethod1" time="13.849"/>
  <system-out/>
</testsuite> <!-- SerialandParallel.SerialandParallel1 -->
