<?xml version="1.0" encoding="UTF-8"?>
<!-- Generated by org.testng.reporters.JUnitReportReporter -->
<testsuite hostname="DESKTOP-AJ" failures="0" tests="1" name="c_KiteAppTestClass.UserIdValidation" time="3.823" errors="0" timestamp="2022-04-01T07:26:50 IST" skipped="0">
  <testcase classname="c_KiteAppTestClass.UserIdValidation" name="ValidateUID" time="3.823"/>
  <system-out/>
</testsuite> <!-- c_KiteAppTestClass.UserIdValidation -->
