<?xml version="1.0" encoding="UTF-8"?>
<!-- Generated by org.testng.reporters.JUnitReportReporter -->
<testsuite hostname="DESKTOP-AJ" failures="0" tests="1" name="b_KiteAppTestClasses.ValidatingWrongPassErrorMsg" time="2.117" errors="0" timestamp="2022-03-31T12:43:28 IST" skipped="0">
  <testcase classname="b_KiteAppTestClasses.ValidatingWrongPassErrorMsg" name="ValidateErrorMsg" time="2.117"/>
  <system-out>
    <![CDATA[Screenshot taken
Error MSG is matching Tc is pass]]>
  </system-out>
</testsuite> <!-- b_KiteAppTestClasses.ValidatingWrongPassErrorMsg -->
