<?xml version="1.0" encoding="UTF-8"?>
<!-- Generated by org.testng.reporters.JUnitReportReporter -->
<testsuite hostname="DESKTOP-AJ" failures="0" tests="1" name="SerialandParallel.SerialandParallel2" time="14.325" errors="0" timestamp="2022-03-31T07:30:28 IST" skipped="0">
  <testcase classname="SerialandParallel.SerialandParallel2" name="Mymethod1" time="14.325"/>
  <system-out/>
</testsuite> <!-- SerialandParallel.SerialandParallel2 -->
