<?xml version="1.0" encoding="UTF-8"?>
<!-- Generated by org.testng.reporters.JUnitReportReporter -->
<testsuite hostname="DESKTOP-AJ" failures="0" tests="4" name="TestNG.DependsOnMethodsTest" time="2.018" errors="0" timestamp="2022-03-22T07:42:07 IST" skipped="0">
  <testcase classname="TestNG.DependsOnMethodsTest" name="d" time="0.002"/>
  <system-out>
    <![CDATA[method d is running]]>
  </system-out>
  <testcase classname="TestNG.DependsOnMethodsTest" name="b" time="0.002"/>
  <system-out>
    <![CDATA[method b is running]]>
  </system-out>
  <testcase classname="TestNG.DependsOnMethodsTest" name="a" time="2.013"/>
  <system-out>
    <![CDATA[method a is running]]>
  </system-out>
  <testcase classname="TestNG.DependsOnMethodsTest" name="c" time="0.001"/>
  <system-out>
    <![CDATA[method c is running]]>
  </system-out>
</testsuite> <!-- TestNG.DependsOnMethodsTest -->
