<?xml version="1.0" encoding="UTF-8"?>
<!-- Generated by org.testng.reporters.JUnitReportReporter -->
<testsuite hostname="DESKTOP-AJ" failures="0" tests="2" name="TestNG.IncludeExcludeTest" time="0.012" errors="0" timestamp="2022-03-22T08:06:24 IST" skipped="0">
  <testcase classname="TestNG.IncludeExcludeTest" name="d" time="0.001"/>
  <system-out>
    <![CDATA[method d is running]]>
  </system-out>
  <testcase classname="TestNG.IncludeExcludeTest" name="c" time="0.011"/>
  <system-out>
    <![CDATA[method c is running]]>
  </system-out>
</testsuite> <!-- TestNG.IncludeExcludeTest -->
