<?xml version="1.0" encoding="UTF-8"?>
<!-- Generated by org.testng.reporters.JUnitReportReporter -->
<testsuite hostname="DESKTOP-AJ" failures="0" tests="2" name="IncludeExclude.IncludeExclude2" time="0.004" errors="0" timestamp="2022-03-23T08:39:27 IST" skipped="0">
  <testcase classname="IncludeExclude.IncludeExclude2" name="Test1" time="0.002"/>
  <system-out>
    <![CDATA[Tc1 is running]]>
  </system-out>
  <testcase classname="IncludeExclude.IncludeExclude2" name="Test5" time="0.002"/>
  <system-out>
    <![CDATA[Tc5 is running]]>
  </system-out>
</testsuite> <!-- IncludeExclude.IncludeExclude2 -->
