<?xml version="1.0" encoding="UTF-8"?>
<!-- Generated by org.testng.reporters.JUnitReportReporter -->
<testsuite hostname="DESKTOP-AJ" failures="0" tests="1" name="Grouping_inTestNG.Grouping1" time="0.013" errors="0" timestamp="2022-03-23T08:25:12 IST" skipped="0">
  <testcase classname="Grouping_inTestNG.Grouping1" name="Test4" time="0.013"/>
  <system-out>
    <![CDATA[Tc4 is running]]>
  </system-out>
</testsuite> <!-- Grouping_inTestNG.Grouping1 -->
