<?xml version="1.0" encoding="UTF-8"?>
<!-- Generated by org.testng.reporters.JUnitReportReporter -->
<testsuite hostname="DESKTOP-AJ" failures="0" tests="1" name="BrowserStudy.FireFoxTEst" time="34.408" errors="0" timestamp="2022-03-30T07:19:27 IST" skipped="0">
  <testcase classname="BrowserStudy.FireFoxTEst" name="test" time="34.408"/>
  <system-out/>
</testsuite> <!-- BrowserStudy.FireFoxTEst -->
