<?xml version="1.0" encoding="UTF-8"?>
<!-- Generated by org.testng.reporters.JUnitReportReporter -->
<testsuite hostname="DESKTOP-AJ" failures="0" tests="1" name="assertsInTestNG.AssertTrueStudy" time="0.015" errors="0" timestamp="2022-03-29T07:01:51 IST" skipped="0">
  <testcase classname="assertsInTestNG.AssertTrueStudy" name="AssertStudy" time="0.015"/>
  <system-out/>
</testsuite> <!-- assertsInTestNG.AssertTrueStudy -->
