<?xml version="1.0" encoding="UTF-8"?>
<!-- Generated by org.testng.reporters.JUnitReportReporter -->
<testsuite hostname="DESKTOP-AJ" failures="0" tests="1" name="TestNG.kiteSample" time="0.005" errors="0" timestamp="2022-03-22T07:42:07 IST" skipped="0">
  <testcase classname="TestNG.kiteSample" name="EnterPass_Username" time="0.005"/>
  <system-out>
    <![CDATA[userid validatetc is pass]]>
  </system-out>
</testsuite> <!-- TestNG.kiteSample -->
