<?xml version="1.0" encoding="UTF-8"?>
<!-- Generated by org.testng.reporters.JUnitReportReporter -->
<testsuite hostname="DESKTOP-AJ" failures="0" tests="1" name="TestNG.simple2" time="0.021" errors="0" timestamp="2022-03-23T08:48:31 IST" skipped="0">
  <testcase classname="TestNG.simple2" name="display1" time="0.021"/>
  <system-out>
    <![CDATA[hi good morning]]>
  </system-out>
</testsuite> <!-- TestNG.simple2 -->
