<?xml version="1.0" encoding="UTF-8"?>
<!-- Generated by org.testng.reporters.JUnitReportReporter -->
<testsuite hostname="DESKTOP-AJ" failures="0" tests="1" name="BrowserStudy.MSEdge" time="13.832" errors="0" timestamp="2022-03-31T07:56:24 IST" skipped="0">
  <testcase classname="BrowserStudy.MSEdge" name="test" time="13.832"/>
  <system-out/>
</testsuite> <!-- BrowserStudy.MSEdge -->
