<?xml version="1.0" encoding="UTF-8"?>
<!-- Generated by org.testng.reporters.JUnitReportReporter -->
<testsuite hostname="DESKTOP-AJ" failures="0" tests="1" name="assertsInTestNG.AssertNotEqualsStudy" time="0.013" errors="0" timestamp="2022-03-29T06:57:23 IST" skipped="0">
  <testcase classname="assertsInTestNG.AssertNotEqualsStudy" name="AssertStudy" time="0.013"/>
  <system-out/>
</testsuite> <!-- assertsInTestNG.AssertNotEqualsStudy -->
