<?xml version="1.0" encoding="UTF-8"?>
<!-- Generated by org.testng.reporters.JUnitReportReporter -->
<testsuite hostname="DESKTOP-AJ" failures="0" tests="1" name="FailedXML_Test.Failed_Test" time="0.127" errors="0" timestamp="2022-03-23T08:53:47 IST" skipped="0">
  <testcase classname="FailedXML_Test.Failed_Test" name="Test3" time="0.127"/>
  <system-out>
    <![CDATA[Tc3 is running]]>
  </system-out>
</testsuite> <!-- FailedXML_Test.Failed_Test -->
