<?xml version="1.0" encoding="UTF-8"?>
<!-- Generated by org.testng.reporters.JUnitReportReporter -->
<testsuite hostname="DESKTOP-AJ" failures="0" tests="1" name="a_KiteAppTestClasses.UserIDValidation" time="5.579" errors="0" timestamp="2022-03-30T07:28:32 IST" skipped="0">
  <testcase classname="a_KiteAppTestClasses.UserIDValidation" name="ValidateUserID" time="5.579"/>
  <system-out>
    <![CDATA[ss taken
Validate user id ]]>
  </system-out>
</testsuite> <!-- a_KiteAppTestClasses.UserIDValidation -->
