<?xml version="1.0" encoding="UTF-8"?>
<!-- Generated by org.testng.reporters.JUnitReportReporter -->
<testsuite hostname="DESKTOP-AJ" failures="0" tests="3" name="TestNG.InvocationCountTest" time="0.009" errors="0" timestamp="2022-03-22T07:42:07 IST" skipped="0">
  <testcase classname="TestNG.InvocationCountTest" name="MyMethod" time="0.001"/>
  <system-out>
    <![CDATA[My method is running]]>
  </system-out>
  <testcase classname="TestNG.InvocationCountTest" name="MyMethod" time="0.003"/>
  <system-out>
    <![CDATA[My method is running]]>
  </system-out>
  <testcase classname="TestNG.InvocationCountTest" name="MyMethod" time="0.005"/>
  <system-out>
    <![CDATA[My method is running]]>
  </system-out>
</testsuite> <!-- TestNG.InvocationCountTest -->
