<?xml version="1.0" encoding="UTF-8"?>
<!-- Generated by org.testng.reporters.JUnitReportReporter -->
<testsuite hostname="DESKTOP-AJ" failures="0" tests="1" name="SerialandParallel.SerialandParallel3" time="11.088" errors="0" timestamp="2022-03-31T07:30:28 IST" skipped="0">
  <testcase classname="SerialandParallel.SerialandParallel3" name="MyMethod1" time="11.088"/>
  <system-out/>
</testsuite> <!-- SerialandParallel.SerialandParallel3 -->
